c:\temp\projektet\debug\vc141.pdb
c:\temp\projektet\debug\vc141.idb
c:\temp\projektet\debug\main.obj
c:\temp\projektet\debug\objloader.obj
c:\users\sebbedelius\desktop\projekt 3d\projektet\debug\vc141.pdb
c:\users\sebbedelius\desktop\projekt 3d\projektet\debug\vc141.idb
c:\users\sebbedelius\desktop\projekt 3d\projektet\debug\main.obj
c:\users\sebbedelius\desktop\projekt 3d\projektet\debug\objloader.obj
c:\temp\projektet\debug\fragment.cso
c:\temp\projektet\debug\geometryshader.cso
c:\temp\projektet\debug\vertex.cso
c:\users\sebbedelius\desktop\projekt 3d\projektet\debug\fragment.cso
c:\users\sebbedelius\desktop\projekt 3d\projektet\debug\geometryshader.cso
c:\users\sebbedelius\desktop\projekt 3d\projektet\debug\vertex.cso
c:\temp\projektet\debug\demo.exe
c:\temp\projektet\debug\demo.ilk
c:\temp\projektet\debug\demo.pdb
c:\users\sebbedelius\desktop\projekt 3d\projektet\debug\demo.exe
c:\users\sebbedelius\desktop\projekt 3d\projektet\debug\demo.ilk
c:\users\sebbedelius\desktop\projekt 3d\projektet\debug\demo.pdb
c:\users\sebbedelius\desktop\projekt 3d\projektet\debug\demo.tlog\cl.command.1.tlog
c:\users\sebbedelius\desktop\projekt 3d\projektet\debug\demo.tlog\cl.read.1.tlog
c:\users\sebbedelius\desktop\projekt 3d\projektet\debug\demo.tlog\cl.write.1.tlog
c:\users\sebbedelius\desktop\projekt 3d\projektet\debug\demo.tlog\demo.write.1u.tlog
c:\users\sebbedelius\desktop\projekt 3d\projektet\debug\demo.tlog\fxc.command.1.tlog
c:\users\sebbedelius\desktop\projekt 3d\projektet\debug\demo.tlog\fxc.read.1.tlog
c:\users\sebbedelius\desktop\projekt 3d\projektet\debug\demo.tlog\fxc.write.1.tlog
c:\users\sebbedelius\desktop\projekt 3d\projektet\debug\demo.tlog\link.command.1.tlog
c:\users\sebbedelius\desktop\projekt 3d\projektet\debug\demo.tlog\link.read.1.tlog
c:\users\sebbedelius\desktop\projekt 3d\projektet\debug\demo.tlog\link.write.1.tlog
